<?xml version="1.0" encoding="UTF-8"?>
<!-- Generated by org.testng.reporters.JUnitReportReporter -->
<testsuite hostname="LAPTOP-2B0D9MGJ" failures="0" tests="1" name="browser.Selenium_QA_Click" time="14.056" errors="0" timestamp="2020-11-13T18:14:49 IST" skipped="0">
  <testcase classname="browser.Selenium_QA_Click" name="test1" time="14.056"/>
</testsuite> <!-- browser.Selenium_QA_Click -->
