<?xml version="1.0" encoding="UTF-8"?>
<!-- Generated by org.testng.reporters.JUnitReportReporter -->
<testsuite hostname="Manideep" failures="0" tests="2" name="browser.facebook" time="56.831" errors="1" timestamp="2020-10-20T18:10:20 IST" skipped="0">
  <testcase classname="browser.facebook" name="mail" time="48.089"/>
  <testcase classname="browser.facebook" name="test" time="8.742">
    <error type="java.lang.StackOverflowError">
      <![CDATA[java.lang.StackOverflowError
at mainobje.facebookobject.password(facebookobject.java:37)
at mainobje.facebookobject.password(facebookobject.java:37)
at mainobje.facebookobject.password(facebookobject.java:37)
at mainobje.facebookobject.password(facebookobject.java:37)
at mainobje.facebookobject.password(facebookobject.java:37)
at mainobje.facebookobject.password(facebookobject.java:37)
at mainobje.facebookobject.password(facebookobject.java:37)
at mainobje.facebookobject.password(facebookobject.java:37)
at mainobje.facebookobject.password(facebookobject.java:37)
at mainobje.facebookobject.password(facebookobject.java:37)
at mainobje.facebookobject.password(facebookobject.java:37)
at mainobje.facebookobject.password(facebookobject.java:37)
at mainobje.facebookobject.password(facebookobject.java:37)
at mainobje.facebookobject.password(facebookobject.java:37)
at mainobje.facebookobject.password(facebookobject.java:37)
at mainobje.facebookobject.password(facebookobject.java:37)
at mainobje.facebookobject.password(facebookobject.java:37)
at mainobje.facebookobject.password(facebookobject.java:37)
at mainobje.facebookobject.password(facebookobject.java:37)
at mainobje.facebookobject.password(facebookobject.java:37)
at mainobje.facebookobject.password(facebookobject.java:37)
at mainobje.facebookobject.password(facebookobject.java:37)
at mainobje.facebookobject.password(facebookobject.java:37)
at mainobje.facebookobject.password(facebookobject.java:37)
at mainobje.facebookobject.password(facebookobject.java:37)
at mainobje.facebookobject.password(facebookobject.java:37)
at mainobje.facebookobject.password(facebookobject.java:37)
at mainobje.facebookobject.password(facebookobject.java:37)
at mainobje.facebookobject.password(facebookobject.java:37)
at mainobje.facebookobject.password(facebookobject.java:37)
at mainobje.facebookobject.password(facebookobject.java:37)
at mainobje.facebookobject.password(facebookobject.java:37)
at mainobje.facebookobject.password(facebookobject.java:37)
at mainobje.facebookobject.password(facebookobject.java:37)
at mainobje.facebookobject.password(facebookobject.java:37)
at mainobje.facebookobject.password(facebookobject.java:37)
at mainobje.facebookobject.password(facebookobject.java:37)
at mainobje.facebookobject.password(facebookobject.java:37)
at mainobje.facebookobject.password(facebookobject.java:37)
at mainobje.facebookobject.password(facebookobject.java:37)
at mainobje.facebookobject.password(facebookobject.java:37)
at mainobje.facebookobject.password(facebookobject.java:37)
at mainobje.facebookobject.password(facebookobject.java:37)
at mainobje.facebookobject.password(facebookobject.java:37)
at mainobje.facebookobject.password(facebookobject.java:37)
at mainobje.facebookobject.password(facebookobject.java:37)
at mainobje.facebookobject.password(facebookobject.java:37)
at mainobje.facebookobject.password(facebookobject.java:37)
at mainobje.facebookobject.password(facebookobject.java:37)
at mainobje.facebookobject.password(facebookobject.java:37)
at mainobje.facebookobject.password(facebookobject.java:37)
at mainobje.facebookobject.password(facebookobject.java:37)
at mainobje.facebookobject.password(facebookobject.java:37)
at mainobje.facebookobject.password(facebookobject.java:37)
at mainobje.facebookobject.password(facebookobject.java:37)
at mainobje.facebookobject.password(facebookobject.java:37)
at mainobje.facebookobject.password(facebookobject.java:37)
at mainobje.facebookobject.password(facebookobject.java:37)
at mainobje.facebookobject.password(facebookobject.java:37)
at mainobje.facebookobject.password(facebookobject.java:37)
at mainobje.facebookobject.password(facebookobject.java:37)
at mainobje.facebookobject.password(facebookobject.java:37)
at mainobje.facebookobject.password(facebookobject.java:37)
at mainobje.facebookobject.password(facebookobject.java:37)
at mainobje.facebookobject.password(facebookobject.java:37)
at mainobje.facebookobject.password(facebookobject.java:37)
at mainobje.facebookobject.password(facebookobject.java:37)
at mainobje.facebookobject.password(facebookobject.java:37)
at mainobje.facebookobject.password(facebookobject.java:37)
at mainobje.facebookobject.password(facebookobject.java:37)
at mainobje.facebookobject.password(facebookobject.java:37)
at mainobje.facebookobject.password(facebookobject.java:37)
at mainobje.facebookobject.password(facebookobject.java:37)
at mainobje.facebookobject.password(facebookobject.java:37)
at mainobje.facebookobject.password(facebookobject.java:37)
at mainobje.facebookobject.password(facebookobject.java:37)
at mainobje.facebookobject.password(facebookobject.java:37)
at mainobje.facebookobject.password(facebookobject.java:37)
at mainobje.facebookobject.password(facebookobject.java:37)
at mainobje.facebookobject.password(facebookobject.java:37)
at mainobje.facebookobject.password(facebookobject.java:37)
at mainobje.facebookobject.password(facebookobject.java:37)
at mainobje.facebookobject.password(facebookobject.java:37)
at mainobje.facebookobject.password(facebookobject.java:37)
at mainobje.facebookobject.password(facebookobject.java:37)
at mainobje.facebookobject.password(facebookobject.java:37)
at mainobje.facebookobject.password(facebookobject.java:37)
at mainobje.facebookobject.password(facebookobject.java:37)
at mainobje.facebookobject.password(facebookobject.java:37)
at mainobje.facebookobject.password(facebookobject.java:37)
at mainobje.facebookobject.password(facebookobject.java:37)
at mainobje.facebookobject.password(facebookobject.java:37)
at mainobje.facebookobject.password(facebookobject.java:37)
at mainobje.facebookobject.password(facebookobject.java:37)
at mainobje.facebookobject.password(facebookobject.java:37)
at mainobje.facebookobject.password(facebookobject.java:37)
at mainobje.facebookobject.password(facebookobject.java:37)
at mainobje.facebookobject.password(facebookobject.java:37)
at mainobje.facebookobject.password(facebookobject.java:37)
at mainobje.facebookobject.password(facebookobject.java:37)
at mainobje.facebookobject.password(facebookobject.java:37)
at mainobje.facebookobject.password(facebookobject.java:37)
at mainobje.facebookobject.password(facebookobject.java:37)
at mainobje.facebookobject.password(facebookobject.java:37)
at mainobje.facebookobject.password(facebookobject.java:37)
at mainobje.facebookobject.password(facebookobject.java:37)
at mainobje.facebookobject.password(facebookobject.java:37)
at mainobje.facebookobject.password(facebookobject.java:37)
at mainobje.facebookobject.password(facebookobject.java:37)
at mainobje.facebookobject.password(facebookobject.java:37)
at mainobje.facebookobject.password(facebookobject.java:37)
at mainobje.facebookobject.password(facebookobject.java:37)
at mainobje.facebookobject.password(facebookobject.java:37)
at mainobje.facebookobject.password(facebookobject.java:37)
at mainobje.facebookobject.password(facebookobject.java:37)
at mainobje.facebookobject.password(facebookobject.java:37)
at mainobje.facebookobject.password(facebookobject.java:37)
at mainobje.facebookobject.password(facebookobject.java:37)
at mainobje.facebookobject.password(facebookobject.java:37)
at mainobje.facebookobject.password(facebookobject.java:37)
at mainobje.facebookobject.password(facebookobject.java:37)
at mainobje.facebookobject.password(facebookobject.java:37)
at mainobje.facebookobject.password(facebookobject.java:37)
at mainobje.facebookobject.password(facebookobject.java:37)
at mainobje.facebookobject.password(facebookobject.java:37)
at mainobje.facebookobject.password(facebookobject.java:37)
at mainobje.facebookobject.password(facebookobject.java:37)
at mainobje.facebookobject.password(facebookobject.java:37)
at mainobje.facebookobject.password(facebookobject.java:37)
at mainobje.facebookobject.password(facebookobject.java:37)
at mainobje.facebookobject.password(facebookobject.java:37)
at mainobje.facebookobject.password(facebookobject.java:37)
at mainobje.facebookobject.password(facebookobject.java:37)
at mainobje.facebookobject.password(facebookobject.java:37)
at mainobje.facebookobject.password(facebookobject.java:37)
at mainobje.facebookobject.password(facebookobject.java:37)
at mainobje.facebookobject.password(facebookobject.java:37)
at mainobje.facebookobject.password(facebookobject.java:37)
at mainobje.facebookobject.password(facebookobject.java:37)
at mainobje.facebookobject.password(facebookobject.java:37)
at mainobje.facebookobject.password(facebookobject.java:37)
at mainobje.facebookobject.password(facebookobject.java:37)
at mainobje.facebookobject.password(facebookobject.java:37)
at mainobje.facebookobject.password(facebookobject.java:37)
at mainobje.facebookobject.password(facebookobject.java:37)
at mainobje.facebookobject.password(facebookobject.java:37)
at mainobje.facebookobject.password(facebookobject.java:37)
at mainobje.facebookobject.password(facebookobject.java:37)
at mainobje.facebookobject.password(facebookobject.java:37)
at mainobje.facebookobject.password(facebookobject.java:37)
at mainobje.facebookobject.password(facebookobject.java:37)
at mainobje.facebookobject.password(facebookobject.java:37)
at mainobje.facebookobject.password(facebookobject.java:37)
at mainobje.facebookobject.password(facebookobject.java:37)
at mainobje.facebookobject.password(facebookobject.java:37)
at mainobje.facebookobject.password(facebookobject.java:37)
at mainobje.facebookobject.password(facebookobject.java:37)
at mainobje.facebookobject.password(facebookobject.java:37)
at mainobje.facebookobject.password(facebookobject.java:37)
at mainobje.facebookobject.password(facebookobject.java:37)
at mainobje.facebookobject.password(facebookobject.java:37)
at mainobje.facebookobject.password(facebookobject.java:37)
at mainobje.facebookobject.password(facebookobject.java:37)
at mainobje.facebookobject.password(facebookobject.java:37)
at mainobje.facebookobject.password(facebookobject.java:37)
at mainobje.facebookobject.password(facebookobject.java:37)
at mainobje.facebookobject.password(facebookobject.java:37)
at mainobje.facebookobject.password(facebookobject.java:37)
at mainobje.facebookobject.password(facebookobject.java:37)
at mainobje.facebookobject.password(facebookobject.java:37)
at mainobje.facebookobject.password(facebookobject.java:37)
at mainobje.facebookobject.password(facebookobject.java:37)
at mainobje.facebookobject.password(facebookobject.java:37)
at mainobje.facebookobject.password(facebookobject.java:37)
at mainobje.facebookobject.password(facebookobject.java:37)
at mainobje.facebookobject.password(facebookobject.java:37)
at mainobje.facebookobject.password(facebookobject.java:37)
at mainobje.facebookobject.password(facebookobject.java:37)
at mainobje.facebookobject.password(facebookobject.java:37)
at mainobje.facebookobject.password(facebookobject.java:37)
at mainobje.facebookobject.password(facebookobject.java:37)
at mainobje.facebookobject.password(facebookobject.java:37)
at mainobje.facebookobject.password(facebookobject.java:37)
at mainobje.facebookobject.password(facebookobject.java:37)
at mainobje.facebookobject.password(facebookobject.java:37)
at mainobje.facebookobject.password(facebookobject.java:37)
at mainobje.facebookobject.password(facebookobject.java:37)
at mainobje.facebookobject.password(facebookobject.java:37)
at mainobje.facebookobject.password(facebookobject.java:37)
at mainobje.facebookobject.password(facebookobject.java:37)
at mainobje.facebookobject.password(facebookobject.java:37)
at mainobje.facebookobject.password(facebookobject.java:37)
at mainobje.facebookobject.password(facebookobject.java:37)
at mainobje.facebookobject.password(facebookobject.java:37)
at mainobje.facebookobject.password(facebookobject.java:37)
at mainobje.facebookobject.password(facebookobject.java:37)
at mainobje.facebookobject.password(facebookobject.java:37)
at mainobje.facebookobject.password(facebookobject.java:37)
at mainobje.facebookobject.password(facebookobject.java:37)
at mainobje.facebookobject.password(facebookobject.java:37)
at mainobje.facebookobject.password(facebookobject.java:37)
at mainobje.facebookobject.password(facebookobject.java:37)
at mainobje.facebookobject.password(facebookobject.java:37)
at mainobje.facebookobject.password(facebookobject.java:37)
at mainobje.facebookobject.password(facebookobject.java:37)
at mainobje.facebookobject.password(facebookobject.java:37)
at mainobje.facebookobject.password(facebookobject.java:37)
at mainobje.facebookobject.password(facebookobject.java:37)
at mainobje.facebookobject.password(facebookobject.java:37)
at mainobje.facebookobject.password(facebookobject.java:37)
at mainobje.facebookobject.password(facebookobject.java:37)
at mainobje.facebookobject.password(facebookobject.java:37)
at mainobje.facebookobject.password(facebookobject.java:37)
at mainobje.facebookobject.password(facebookobject.java:37)
at mainobje.facebookobject.password(facebookobject.java:37)
at mainobje.facebookobject.password(facebookobject.java:37)
at mainobje.facebookobject.password(facebookobject.java:37)
at mainobje.facebookobject.password(facebookobject.java:37)
at mainobje.facebookobject.password(facebookobject.java:37)
at mainobje.facebookobject.password(facebookobject.java:37)
at mainobje.facebookobject.password(facebookobject.java:37)
at mainobje.facebookobject.password(facebookobject.java:37)
at mainobje.facebookobject.password(facebookobject.java:37)
at mainobje.facebookobject.password(facebookobject.java:37)
at mainobje.facebookobject.password(facebookobject.java:37)
at mainobje.facebookobject.password(facebookobject.java:37)
at mainobje.facebookobject.password(facebookobject.java:37)
at mainobje.facebookobject.password(facebookobject.java:37)
at mainobje.facebookobject.password(facebookobject.java:37)
at mainobje.facebookobject.password(facebookobject.java:37)
at mainobje.facebookobject.password(facebookobject.java:37)
at mainobje.facebookobject.password(facebookobject.java:37)
at mainobje.facebookobject.password(facebookobject.java:37)
at mainobje.facebookobject.password(facebookobject.java:37)
at mainobje.facebookobject.password(facebookobject.java:37)
at mainobje.facebookobject.password(facebookobject.java:37)
at mainobje.facebookobject.password(facebookobject.java:37)
at mainobje.facebookobject.password(facebookobject.java:37)
at mainobje.facebookobject.password(facebookobject.java:37)
at mainobje.facebookobject.password(facebookobject.java:37)
at mainobje.facebookobject.password(facebookobject.java:37)
at mainobje.facebookobject.password(facebookobject.java:37)
at mainobje.facebookobject.password(facebookobject.java:37)
at mainobje.facebookobject.password(facebookobject.java:37)
at mainobje.facebookobject.password(facebookobject.java:37)
at mainobje.facebookobject.password(facebookobject.java:37)
at mainobje.facebookobject.password(facebookobject.java:37)
at mainobje.facebookobject.password(facebookobject.java:37)
at mainobje.facebookobject.password(facebookobject.java:37)
at mainobje.facebookobject.password(facebookobject.java:37)
at mainobje.facebookobject.password(facebookobject.java:37)
at mainobje.facebookobject.password(facebookobject.java:37)
at mainobje.facebookobject.password(facebookobject.java:37)
at mainobje.facebookobject.password(facebookobject.java:37)
at mainobje.facebookobject.password(facebookobject.java:37)
at mainobje.facebookobject.password(facebookobject.java:37)
at mainobje.facebookobject.password(facebookobject.java:37)
at mainobje.facebookobject.password(facebookobject.java:37)
at mainobje.facebookobject.password(facebookobject.java:37)
at mainobje.facebookobject.password(facebookobject.java:37)
at mainobje.facebookobject.password(facebookobject.java:37)
at mainobje.facebookobject.password(facebookobject.java:37)
at mainobje.facebookobject.password(facebookobject.java:37)
at mainobje.facebookobject.password(facebookobject.java:37)
at mainobje.facebookobject.password(facebookobject.java:37)
at mainobje.facebookobject.password(facebookobject.java:37)
at mainobje.facebookobject.password(facebookobject.java:37)
at mainobje.facebookobject.password(facebookobject.java:37)
at mainobje.facebookobject.password(facebookobject.java:37)
at mainobje.facebookobject.password(facebookobject.java:37)
at mainobje.facebookobject.password(facebookobject.java:37)
at mainobje.facebookobject.password(facebookobject.java:37)
at mainobje.facebookobject.password(facebookobject.java:37)
at mainobje.facebookobject.password(facebookobject.java:37)
at mainobje.facebookobject.password(facebookobject.java:37)
at mainobje.facebookobject.password(facebookobject.java:37)
at mainobje.facebookobject.password(facebookobject.java:37)
at mainobje.facebookobject.password(facebookobject.java:37)
at mainobje.facebookobject.password(facebookobject.java:37)
at mainobje.facebookobject.password(facebookobject.java:37)
at mainobje.facebookobject.password(facebookobject.java:37)
at mainobje.facebookobject.password(facebookobject.java:37)
at mainobje.facebookobject.password(facebookobject.java:37)
at mainobje.facebookobject.password(facebookobject.java:37)
at mainobje.facebookobject.password(facebookobject.java:37)
at mainobje.facebookobject.password(facebookobject.java:37)
at mainobje.facebookobject.password(facebookobject.java:37)
at mainobje.facebookobject.password(facebookobject.java:37)
at mainobje.facebookobject.password(facebookobject.java:37)
at mainobje.facebookobject.password(facebookobject.java:37)
at mainobje.facebookobject.password(facebookobject.java:37)
at mainobje.facebookobject.password(facebookobject.java:37)
at mainobje.facebookobject.password(facebookobject.java:37)
at mainobje.facebookobject.password(facebookobject.java:37)
at mainobje.facebookobject.password(facebookobject.java:37)
at mainobje.facebookobject.password(facebookobject.java:37)
at mainobje.facebookobject.password(facebookobject.java:37)
at mainobje.facebookobject.password(facebookobject.java:37)
at mainobje.facebookobject.password(facebookobject.java:37)
at mainobje.facebookobject.password(facebookobject.java:37)
at mainobje.facebookobject.password(facebookobject.java:37)
at mainobje.facebookobject.password(facebookobject.java:37)
at mainobje.facebookobject.password(facebookobject.java:37)
at mainobje.facebookobject.password(facebookobject.java:37)
at mainobje.facebookobject.password(facebookobject.java:37)
at mainobje.facebookobject.password(facebookobject.java:37)
at mainobje.facebookobject.password(facebookobject.java:37)
at mainobje.facebookobject.password(facebookobject.java:37)
at mainobje.facebookobject.password(facebookobject.java:37)
at mainobje.facebookobject.password(facebookobject.java:37)
at mainobje.facebookobject.password(facebookobject.java:37)
at mainobje.facebookobject.password(facebookobject.java:37)
at mainobje.facebookobject.password(facebookobject.java:37)
at mainobje.facebookobject.password(facebookobject.java:37)
at mainobje.facebookobject.password(facebookobject.java:37)
at mainobje.facebookobject.password(facebookobject.java:37)
at mainobje.facebookobject.password(facebookobject.java:37)
at mainobje.facebookobject.password(facebookobject.java:37)
at mainobje.facebookobject.password(facebookobject.java:37)
at mainobje.facebookobject.password(facebookobject.java:37)
at mainobje.facebookobject.password(facebookobject.java:37)
at mainobje.facebookobject.password(facebookobject.java:37)
at mainobje.facebookobject.password(facebookobject.java:37)
at mainobje.facebookobject.password(facebookobject.java:37)
at mainobje.facebookobject.password(facebookobject.java:37)
at mainobje.facebookobject.password(facebookobject.java:37)
at mainobje.facebookobject.password(facebookobject.java:37)
at mainobje.facebookobject.password(facebookobject.java:37)
at mainobje.facebookobject.password(facebookobject.java:37)
at mainobje.facebookobject.password(facebookobject.java:37)
at mainobje.facebookobject.password(facebookobject.java:37)
at mainobje.facebookobject.password(facebookobject.java:37)
at mainobje.facebookobject.password(facebookobject.java:37)
at mainobje.facebookobject.password(facebookobject.java:37)
at mainobje.facebookobject.password(facebookobject.java:37)
at mainobje.facebookobject.password(facebookobject.java:37)
at mainobje.facebookobject.password(facebookobject.java:37)
at mainobje.facebookobject.password(facebookobject.java:37)
at mainobje.facebookobject.password(facebookobject.java:37)
at mainobje.facebookobject.password(facebookobject.java:37)
at mainobje.facebookobject.password(facebookobject.java:37)
at mainobje.facebookobject.password(facebookobject.java:37)
at mainobje.facebookobject.password(facebookobject.java:37)
at mainobje.facebookobject.password(facebookobject.java:37)
at mainobje.facebookobject.password(facebookobject.java:37)
at mainobje.facebookobject.password(facebookobject.java:37)
at mainobje.facebookobject.password(facebookobject.java:37)
at mainobje.facebookobject.password(facebookobject.java:37)
at mainobje.facebookobject.password(facebookobject.java:37)
at mainobje.facebookobject.password(facebookobject.java:37)
at mainobje.facebookobject.password(facebookobject.java:37)
at mainobje.facebookobject.password(facebookobject.java:37)
at mainobje.facebookobject.password(facebookobject.java:37)
at mainobje.facebookobject.password(facebookobject.java:37)
at mainobje.facebookobject.password(facebookobject.java:37)
at mainobje.facebookobject.password(facebookobject.java:37)
at mainobje.facebookobject.password(facebookobject.java:37)
at mainobje.facebookobject.password(facebookobject.java:37)
at mainobje.facebookobject.password(facebookobject.java:37)
at mainobje.facebookobject.password(facebookobject.java:37)
at mainobje.facebookobject.password(facebookobject.java:37)
at mainobje.facebookobject.password(facebookobject.java:37)
at mainobje.facebookobject.password(facebookobject.java:37)
at mainobje.facebookobject.password(facebookobject.java:37)
at mainobje.facebookobject.password(facebookobject.java:37)
at mainobje.facebookobject.password(facebookobject.java:37)
at mainobje.facebookobject.password(facebookobject.java:37)
at mainobje.facebookobject.password(facebookobject.java:37)
at mainobje.facebookobject.password(facebookobject.java:37)
at mainobje.facebookobject.password(facebookobject.java:37)
at mainobje.facebookobject.password(facebookobject.java:37)
at mainobje.facebookobject.password(facebookobject.java:37)
at mainobje.facebookobject.password(facebookobject.java:37)
at mainobje.facebookobject.password(facebookobject.java:37)
at mainobje.facebookobject.password(facebookobject.java:37)
at mainobje.facebookobject.password(facebookobject.java:37)
at mainobje.facebookobject.password(facebookobject.java:37)
at mainobje.facebookobject.password(facebookobject.java:37)
at mainobje.facebookobject.password(facebookobject.java:37)
at mainobje.facebookobject.password(facebookobject.java:37)
at mainobje.facebookobject.password(facebookobject.java:37)
at mainobje.facebookobject.password(facebookobject.java:37)
at mainobje.facebookobject.password(facebookobject.java:37)
at mainobje.facebookobject.password(facebookobject.java:37)
at mainobje.facebookobject.password(facebookobject.java:37)
at mainobje.facebookobject.password(facebookobject.java:37)
at mainobje.facebookobject.password(facebookobject.java:37)
at mainobje.facebookobject.password(facebookobject.java:37)
at mainobje.facebookobject.password(facebookobject.java:37)
at mainobje.facebookobject.password(facebookobject.java:37)
at mainobje.facebookobject.password(facebookobject.java:37)
at mainobje.facebookobject.password(facebookobject.java:37)
at mainobje.facebookobject.password(facebookobject.java:37)
at mainobje.facebookobject.password(facebookobject.java:37)
at mainobje.facebookobject.password(facebookobject.java:37)
at mainobje.facebookobject.password(facebookobject.java:37)
at mainobje.facebookobject.password(facebookobject.java:37)
at mainobje.facebookobject.password(facebookobject.java:37)
at mainobje.facebookobject.password(facebookobject.java:37)
at mainobje.facebookobject.password(facebookobject.java:37)
at mainobje.facebookobject.password(facebookobject.java:37)
at mainobje.facebookobject.password(facebookobject.java:37)
at mainobje.facebookobject.password(facebookobject.java:37)
at mainobje.facebookobject.password(facebookobject.java:37)
at mainobje.facebookobject.password(facebookobject.java:37)
at mainobje.facebookobject.password(facebookobject.java:37)
at mainobje.facebookobject.password(facebookobject.java:37)
at mainobje.facebookobject.password(facebookobject.java:37)
at mainobje.facebookobject.password(facebookobject.java:37)
at mainobje.facebookobject.password(facebookobject.java:37)
at mainobje.facebookobject.password(facebookobject.java:37)
at mainobje.facebookobject.password(facebookobject.java:37)
at mainobje.facebookobject.password(facebookobject.java:37)
at mainobje.facebookobject.password(facebookobject.java:37)
at mainobje.facebookobject.password(facebookobject.java:37)
at mainobje.facebookobject.password(facebookobject.java:37)
at mainobje.facebookobject.password(facebookobject.java:37)
at mainobje.facebookobject.password(facebookobject.java:37)
at mainobje.facebookobject.password(facebookobject.java:37)
at mainobje.facebookobject.password(facebookobject.java:37)
at mainobje.facebookobject.password(facebookobject.java:37)
at mainobje.facebookobject.password(facebookobject.java:37)
at mainobje.facebookobject.password(facebookobject.java:37)
at mainobje.facebookobject.password(facebookobject.java:37)
at mainobje.facebookobject.password(facebookobject.java:37)
at mainobje.facebookobject.password(facebookobject.java:37)
at mainobje.facebookobject.password(facebookobject.java:37)
at mainobje.facebookobject.password(facebookobject.java:37)
at mainobje.facebookobject.password(facebookobject.java:37)
at mainobje.facebookobject.password(facebookobject.java:37)
at mainobje.facebookobject.password(facebookobject.java:37)
at mainobje.facebookobject.password(facebookobject.java:37)
at mainobje.facebookobject.password(facebookobject.java:37)
at mainobje.facebookobject.password(facebookobject.java:37)
at mainobje.facebookobject.password(facebookobject.java:37)
at mainobje.facebookobject.password(facebookobject.java:37)
at mainobje.facebookobject.password(facebookobject.java:37)
at mainobje.facebookobject.password(facebookobject.java:37)
at mainobje.facebookobject.password(facebookobject.java:37)
at mainobje.facebookobject.password(facebookobject.java:37)
at mainobje.facebookobject.password(facebookobject.java:37)
at mainobje.facebookobject.password(facebookobject.java:37)
at mainobje.facebookobject.password(facebookobject.java:37)
at mainobje.facebookobject.password(facebookobject.java:37)
at mainobje.facebookobject.password(facebookobject.java:37)
at mainobje.facebookobject.password(facebookobject.java:37)
at mainobje.facebookobject.password(facebookobject.java:37)
at mainobje.facebookobject.password(facebookobject.java:37)
at mainobje.facebookobject.password(facebookobject.java:37)
at mainobje.facebookobject.password(facebookobject.java:37)
at mainobje.facebookobject.password(facebookobject.java:37)
at mainobje.facebookobject.password(facebookobject.java:37)
at mainobje.facebookobject.password(facebookobject.java:37)
at mainobje.facebookobject.password(facebookobject.java:37)
at mainobje.facebookobject.password(facebookobject.java:37)
at mainobje.facebookobject.password(facebookobject.java:37)
at mainobje.facebookobject.password(facebookobject.java:37)
at mainobje.facebookobject.password(facebookobject.java:37)
at mainobje.facebookobject.password(facebookobject.java:37)
at mainobje.facebookobject.password(facebookobject.java:37)
at mainobje.facebookobject.password(facebookobject.java:37)
at mainobje.facebookobject.password(facebookobject.java:37)
at mainobje.facebookobject.password(facebookobject.java:37)
at mainobje.facebookobject.password(facebookobject.java:37)
at mainobje.facebookobject.password(facebookobject.java:37)
at mainobje.facebookobject.password(facebookobject.java:37)
at mainobje.facebookobject.password(facebookobject.java:37)
at mainobje.facebookobject.password(facebookobject.java:37)
at mainobje.facebookobject.password(facebookobject.java:37)
at mainobje.facebookobject.password(facebookobject.java:37)
at mainobje.facebookobject.password(facebookobject.java:37)
at mainobje.facebookobject.password(facebookobject.java:37)
at mainobje.facebookobject.password(facebookobject.java:37)
at mainobje.facebookobject.password(facebookobject.java:37)
at mainobje.facebookobject.password(facebookobject.java:37)
at mainobje.facebookobject.password(facebookobject.java:37)
at mainobje.facebookobject.password(facebookobject.java:37)
at mainobje.facebookobject.password(facebookobject.java:37)
at mainobje.facebookobject.password(facebookobject.java:37)
at mainobje.facebookobject.password(facebookobject.java:37)
at mainobje.facebookobject.password(facebookobject.java:37)
at mainobje.facebookobject.password(facebookobject.java:37)
at mainobje.facebookobject.password(facebookobject.java:37)
at mainobje.facebookobject.password(facebookobject.java:37)
at mainobje.facebookobject.password(facebookobject.java:37)
at mainobje.facebookobject.password(facebookobject.java:37)
at mainobje.facebookobject.password(facebookobject.java:37)
at mainobje.facebookobject.password(facebookobject.java:37)
at mainobje.facebookobject.password(facebookobject.java:37)
at mainobje.facebookobject.password(facebookobject.java:37)
at mainobje.facebookobject.password(facebookobject.java:37)
at mainobje.facebookobject.password(facebookobject.java:37)
at mainobje.facebookobject.password(facebookobject.java:37)
at mainobje.facebookobject.password(facebookobject.java:37)
at mainobje.facebookobject.password(facebookobject.java:37)
at mainobje.facebookobject.password(facebookobject.java:37)
at mainobje.facebookobject.password(facebookobject.java:37)
at mainobje.facebookobject.password(facebookobject.java:37)
at mainobje.facebookobject.password(facebookobject.java:37)
at mainobje.facebookobject.password(facebookobject.java:37)
at mainobje.facebookobject.password(facebookobject.java:37)
at mainobje.facebookobject.password(facebookobject.java:37)
at mainobje.facebookobject.password(facebookobject.java:37)
at mainobje.facebookobject.password(facebookobject.java:37)
at mainobje.facebookobject.password(facebookobject.java:37)
at mainobje.facebookobject.password(facebookobject.java:37)
at mainobje.facebookobject.password(facebookobject.java:37)
at mainobje.facebookobject.password(facebookobject.java:37)
at mainobje.facebookobject.password(facebookobject.java:37)
at mainobje.facebookobject.password(facebookobject.java:37)
at mainobje.facebookobject.password(facebookobject.java:37)
at mainobje.facebookobject.password(facebookobject.java:37)
at mainobje.facebookobject.password(facebookobject.java:37)
at mainobje.facebookobject.password(facebookobject.java:37)
at mainobje.facebookobject.password(facebookobject.java:37)
at mainobje.facebookobject.password(facebookobject.java:37)
at mainobje.facebookobject.password(facebookobject.java:37)
at mainobje.facebookobject.password(facebookobject.java:37)
at mainobje.facebookobject.password(facebookobject.java:37)
at mainobje.facebookobject.password(facebookobject.java:37)
at mainobje.facebookobject.password(facebookobject.java:37)
at mainobje.facebookobject.password(facebookobject.java:37)
at mainobje.facebookobject.password(facebookobject.java:37)
at mainobje.facebookobject.password(facebookobject.java:37)
at mainobje.facebookobject.password(facebookobject.java:37)
at mainobje.facebookobject.password(facebookobject.java:37)
at mainobje.facebookobject.password(facebookobject.java:37)
at mainobje.facebookobject.password(facebookobject.java:37)
at mainobje.facebookobject.password(facebookobject.java:37)
at mainobje.facebookobject.password(facebookobject.java:37)
at mainobje.facebookobject.password(facebookobject.java:37)
at mainobje.facebookobject.password(facebookobject.java:37)
at mainobje.facebookobject.password(facebookobject.java:37)
at mainobje.facebookobject.password(facebookobject.java:37)
at mainobje.facebookobject.password(facebookobject.java:37)
at mainobje.facebookobject.password(facebookobject.java:37)
at mainobje.facebookobject.password(facebookobject.java:37)
at mainobje.facebookobject.password(facebookobject.java:37)
at mainobje.facebookobject.password(facebookobject.java:37)
at mainobje.facebookobject.password(facebookobject.java:37)
at mainobje.facebookobject.password(facebookobject.java:37)
at mainobje.facebookobject.password(facebookobject.java:37)
at mainobje.facebookobject.password(facebookobject.java:37)
at mainobje.facebookobject.password(facebookobject.java:37)
at mainobje.facebookobject.password(facebookobject.java:37)
at mainobje.facebookobject.password(facebookobject.java:37)
at mainobje.facebookobject.password(facebookobject.java:37)
at mainobje.facebookobject.password(facebookobject.java:37)
at mainobje.facebookobject.password(facebookobject.java:37)
at mainobje.facebookobject.password(facebookobject.java:37)
at mainobje.facebookobject.password(facebookobject.java:37)
at mainobje.facebookobject.password(facebookobject.java:37)
at mainobje.facebookobject.password(facebookobject.java:37)
at mainobje.facebookobject.password(facebookobject.java:37)
at mainobje.facebookobject.password(facebookobject.java:37)
at mainobje.facebookobject.password(facebookobject.java:37)
at mainobje.facebookobject.password(facebookobject.java:37)
at mainobje.facebookobject.password(facebookobject.java:37)
at mainobje.facebookobject.password(facebookobject.java:37)
at mainobje.facebookobject.password(facebookobject.java:37)
at mainobje.facebookobject.password(facebookobject.java:37)
at mainobje.facebookobject.password(facebookobject.java:37)
at mainobje.facebookobject.password(facebookobject.java:37)
at mainobje.facebookobject.password(facebookobject.java:37)
at mainobje.facebookobject.password(facebookobject.java:37)
at mainobje.facebookobject.password(facebookobject.java:37)
at mainobje.facebookobject.password(facebookobject.java:37)
at mainobje.facebookobject.password(facebookobject.java:37)
at mainobje.facebookobject.password(facebookobject.java:37)
at mainobje.facebookobject.password(facebookobject.java:37)
at mainobje.facebookobject.password(facebookobject.java:37)
at mainobje.facebookobject.password(facebookobject.java:37)
at mainobje.facebookobject.password(facebookobject.java:37)
at mainobje.facebookobject.password(facebookobject.java:37)
at mainobje.facebookobject.password(facebookobject.java:37)
at mainobje.facebookobject.password(facebookobject.java:37)
at mainobje.facebookobject.password(facebookobject.java:37)
at mainobje.facebookobject.password(facebookobject.java:37)
at mainobje.facebookobject.password(facebookobject.java:37)
at mainobje.facebookobject.password(facebookobject.java:37)
at mainobje.facebookobject.password(facebookobject.java:37)
at mainobje.facebookobject.password(facebookobject.java:37)
at mainobje.facebookobject.password(facebookobject.java:37)
at mainobje.facebookobject.password(facebookobject.java:37)
at mainobje.facebookobject.password(facebookobject.java:37)
at mainobje.facebookobject.password(facebookobject.java:37)
at mainobje.facebookobject.password(facebookobject.java:37)
at mainobje.facebookobject.password(facebookobject.java:37)
at mainobje.facebookobject.password(facebookobject.java:37)
at mainobje.facebookobject.password(facebookobject.java:37)
at mainobje.facebookobject.password(facebookobject.java:37)
at mainobje.facebookobject.password(facebookobject.java:37)
at mainobje.facebookobject.password(facebookobject.java:37)
at mainobje.facebookobject.password(facebookobject.java:37)
at mainobje.facebookobject.password(facebookobject.java:37)
at mainobje.facebookobject.password(facebookobject.java:37)
at mainobje.facebookobject.password(facebookobject.java:37)
at mainobje.facebookobject.password(facebookobject.java:37)
at mainobje.facebookobject.password(facebookobject.java:37)
at mainobje.facebookobject.password(facebookobject.java:37)
at mainobje.facebookobject.password(facebookobject.java:37)
at mainobje.facebookobject.password(facebookobject.java:37)
at mainobje.facebookobject.password(facebookobject.java:37)
at mainobje.facebookobject.password(facebookobject.java:37)
at mainobje.facebookobject.password(facebookobject.java:37)
at mainobje.facebookobject.password(facebookobject.java:37)
at mainobje.facebookobject.password(facebookobject.java:37)
at mainobje.facebookobject.password(facebookobject.java:37)
at mainobje.facebookobject.password(facebookobject.java:37)
at mainobje.facebookobject.password(facebookobject.java:37)
at mainobje.facebookobject.password(facebookobject.java:37)
at mainobje.facebookobject.password(facebookobject.java:37)
at mainobje.facebookobject.password(facebookobject.java:37)
at mainobje.facebookobject.password(facebookobject.java:37)
at mainobje.facebookobject.password(facebookobject.java:37)
at mainobje.facebookobject.password(facebookobject.java:37)
at mainobje.facebookobject.password(facebookobject.java:37)
at mainobje.facebookobject.password(facebookobject.java:37)
at mainobje.facebookobject.password(facebookobject.java:37)
at mainobje.facebookobject.password(facebookobject.java:37)
at mainobje.facebookobject.password(facebookobject.java:37)
at mainobje.facebookobject.password(facebookobject.java:37)
at mainobje.facebookobject.password(facebookobject.java:37)
at mainobje.facebookobject.password(facebookobject.java:37)
at mainobje.facebookobject.password(facebookobject.java:37)
at mainobje.facebookobject.password(facebookobject.java:37)
at mainobje.facebookobject.password(facebookobject.java:37)
at mainobje.facebookobject.password(facebookobject.java:37)
at mainobje.facebookobject.password(facebookobject.java:37)
at mainobje.facebookobject.password(facebookobject.java:37)
at mainobje.facebookobject.password(facebookobject.java:37)
at mainobje.facebookobject.password(facebookobject.java:37)
at mainobje.facebookobject.password(facebookobject.java:37)
at mainobje.facebookobject.password(facebookobject.java:37)
at mainobje.facebookobject.password(facebookobject.java:37)
at mainobje.facebookobject.password(facebookobject.java:37)
at mainobje.facebookobject.password(facebookobject.java:37)
at mainobje.facebookobject.password(facebookobject.java:37)
at mainobje.facebookobject.password(facebookobject.java:37)
at mainobje.facebookobject.password(facebookobject.java:37)
at mainobje.facebookobject.password(facebookobject.java:37)
at mainobje.facebookobject.password(facebookobject.java:37)
at mainobje.facebookobject.password(facebookobject.java:37)
at mainobje.facebookobject.password(facebookobject.java:37)
at mainobje.facebookobject.password(facebookobject.java:37)
at mainobje.facebookobject.password(facebookobject.java:37)
at mainobje.facebookobject.password(facebookobject.java:37)
at mainobje.facebookobject.password(facebookobject.java:37)
at mainobje.facebookobject.password(facebookobject.java:37)
at mainobje.facebookobject.password(facebookobject.java:37)
at mainobje.facebookobject.password(facebookobject.java:37)
at mainobje.facebookobject.password(facebookobject.java:37)
at mainobje.facebookobject.password(facebookobject.java:37)
at mainobje.facebookobject.password(facebookobject.java:37)
at mainobje.facebookobject.password(facebookobject.java:37)
at mainobje.facebookobject.password(facebookobject.java:37)
at mainobje.facebookobject.password(facebookobject.java:37)
at mainobje.facebookobject.password(facebookobject.java:37)
at mainobje.facebookobject.password(facebookobject.java:37)
at mainobje.facebookobject.password(facebookobject.java:37)
at mainobje.facebookobject.password(facebookobject.java:37)
at mainobje.facebookobject.password(facebookobject.java:37)
at mainobje.facebookobject.password(facebookobject.java:37)
at mainobje.facebookobject.password(facebookobject.java:37)
at mainobje.facebookobject.password(facebookobject.java:37)
at mainobje.facebookobject.password(facebookobject.java:37)
at mainobje.facebookobject.password(facebookobject.java:37)
at mainobje.facebookobject.password(facebookobject.java:37)
at mainobje.facebookobject.password(facebookobject.java:37)
at mainobje.facebookobject.password(facebookobject.java:37)
at mainobje.facebookobject.password(facebookobject.java:37)
at mainobje.facebookobject.password(facebookobject.java:37)
at mainobje.facebookobject.password(facebookobject.java:37)
at mainobje.facebookobject.password(facebookobject.java:37)
at mainobje.facebookobject.password(facebookobject.java:37)
at mainobje.facebookobject.password(facebookobject.java:37)
at mainobje.facebookobject.password(facebookobject.java:37)
at mainobje.facebookobject.password(facebookobject.java:37)
at mainobje.facebookobject.password(facebookobject.java:37)
at mainobje.facebookobject.password(facebookobject.java:37)
at mainobje.facebookobject.password(facebookobject.java:37)
at mainobje.facebookobject.password(facebookobject.java:37)
at mainobje.facebookobject.password(facebookobject.java:37)
at mainobje.facebookobject.password(facebookobject.java:37)
at mainobje.facebookobject.password(facebookobject.java:37)
at mainobje.facebookobject.password(facebookobject.java:37)
at mainobje.facebookobject.password(facebookobject.java:37)
at mainobje.facebookobject.password(facebookobject.java:37)
at mainobje.facebookobject.password(facebookobject.java:37)
at mainobje.facebookobject.password(facebookobject.java:37)
at mainobje.facebookobject.password(facebookobject.java:37)
at mainobje.facebookobject.password(facebookobject.java:37)
at mainobje.facebookobject.password(facebookobject.java:37)
at mainobje.facebookobject.password(facebookobject.java:37)
at mainobje.facebookobject.password(facebookobject.java:37)
at mainobje.facebookobject.password(facebookobject.java:37)
at mainobje.facebookobject.password(facebookobject.java:37)
at mainobje.facebookobject.password(facebookobject.java:37)
at mainobje.facebookobject.password(facebookobject.java:37)
at mainobje.facebookobject.password(facebookobject.java:37)
at mainobje.facebookobject.password(facebookobject.java:37)
at mainobje.facebookobject.password(facebookobject.java:37)
at mainobje.facebookobject.password(facebookobject.java:37)
at mainobje.facebookobject.password(facebookobject.java:37)
at mainobje.facebookobject.password(facebookobject.java:37)
at mainobje.facebookobject.password(facebookobject.java:37)
at mainobje.facebookobject.password(facebookobject.java:37)
at mainobje.facebookobject.password(facebookobject.java:37)
at mainobje.facebookobject.password(facebookobject.java:37)
at mainobje.facebookobject.password(facebookobject.java:37)
at mainobje.facebookobject.password(facebookobject.java:37)
at mainobje.facebookobject.password(facebookobject.java:37)
at mainobje.facebookobject.password(facebookobject.java:37)
at mainobje.facebookobject.password(facebookobject.java:37)
at mainobje.facebookobject.password(facebookobject.java:37)
at mainobje.facebookobject.password(facebookobject.java:37)
at mainobje.facebookobject.password(facebookobject.java:37)
at mainobje.facebookobject.password(facebookobject.java:37)
at mainobje.facebookobject.password(facebookobject.java:37)
at mainobje.facebookobject.password(facebookobject.java:37)
at mainobje.facebookobject.password(facebookobject.java:37)
at mainobje.facebookobject.password(facebookobject.java:37)
at mainobje.facebookobject.password(facebookobject.java:37)
at mainobje.facebookobject.password(facebookobject.java:37)
at mainobje.facebookobject.password(facebookobject.java:37)
at mainobje.facebookobject.password(facebookobject.java:37)
at mainobje.facebookobject.password(facebookobject.java:37)
at mainobje.facebookobject.password(facebookobject.java:37)
at mainobje.facebookobject.password(facebookobject.java:37)
at mainobje.facebookobject.password(facebookobject.java:37)
at mainobje.facebookobject.password(facebookobject.java:37)
at mainobje.facebookobject.password(facebookobject.java:37)
at mainobje.facebookobject.password(facebookobject.java:37)
at mainobje.facebookobject.password(facebookobject.java:37)
at mainobje.facebookobject.password(facebookobject.java:37)
at mainobje.facebookobject.password(facebookobject.java:37)
at mainobje.facebookobject.password(facebookobject.java:37)
at mainobje.facebookobject.password(facebookobject.java:37)
at mainobje.facebookobject.password(facebookobject.java:37)
at mainobje.facebookobject.password(facebookobject.java:37)
at mainobje.facebookobject.password(facebookobject.java:37)
at mainobje.facebookobject.password(facebookobject.java:37)
at mainobje.facebookobject.password(facebookobject.java:37)
at mainobje.facebookobject.password(facebookobject.java:37)
at mainobje.facebookobject.password(facebookobject.java:37)
at mainobje.facebookobject.password(facebookobject.java:37)
at mainobje.facebookobject.password(facebookobject.java:37)
at mainobje.facebookobject.password(facebookobject.java:37)
at mainobje.facebookobject.password(facebookobject.java:37)
at mainobje.facebookobject.password(facebookobject.java:37)
at mainobje.facebookobject.password(facebookobject.java:37)
at mainobje.facebookobject.password(facebookobject.java:37)
at mainobje.facebookobject.password(facebookobject.java:37)
at mainobje.facebookobject.password(facebookobject.java:37)
at mainobje.facebookobject.password(facebookobject.java:37)
at mainobje.facebookobject.password(facebookobject.java:37)
at mainobje.facebookobject.password(facebookobject.java:37)
at mainobje.facebookobject.password(facebookobject.java:37)
at mainobje.facebookobject.password(facebookobject.java:37)
at mainobje.facebookobject.password(facebookobject.java:37)
at mainobje.facebookobject.password(facebookobject.java:37)
at mainobje.facebookobject.password(facebookobject.java:37)
at mainobje.facebookobject.password(facebookobject.java:37)
at mainobje.facebookobject.password(facebookobject.java:37)
at mainobje.facebookobject.password(facebookobject.java:37)
at mainobje.facebookobject.password(facebookobject.java:37)
at mainobje.facebookobject.password(facebookobject.java:37)
at mainobje.facebookobject.password(facebookobject.java:37)
at mainobje.facebookobject.password(facebookobject.java:37)
at mainobje.facebookobject.password(facebookobject.java:37)
at mainobje.facebookobject.password(facebookobject.java:37)
at mainobje.facebookobject.password(facebookobject.java:37)
at mainobje.facebookobject.password(facebookobject.java:37)
at mainobje.facebookobject.password(facebookobject.java:37)
at mainobje.facebookobject.password(facebookobject.java:37)
at mainobje.facebookobject.password(facebookobject.java:37)
at mainobje.facebookobject.password(facebookobject.java:37)
at mainobje.facebookobject.password(facebookobject.java:37)
at mainobje.facebookobject.password(facebookobject.java:37)
at mainobje.facebookobject.password(facebookobject.java:37)
at mainobje.facebookobject.password(facebookobject.java:37)
at mainobje.facebookobject.password(facebookobject.java:37)
at mainobje.facebookobject.password(facebookobject.java:37)
at mainobje.facebookobject.password(facebookobject.java:37)
at mainobje.facebookobject.password(facebookobject.java:37)
at mainobje.facebookobject.password(facebookobject.java:37)
at mainobje.facebookobject.password(facebookobject.java:37)
at mainobje.facebookobject.password(facebookobject.java:37)
at mainobje.facebookobject.password(facebookobject.java:37)
at mainobje.facebookobject.password(facebookobject.java:37)
at mainobje.facebookobject.password(facebookobject.java:37)
at mainobje.facebookobject.password(facebookobject.java:37)
at mainobje.facebookobject.password(facebookobject.java:37)
at mainobje.facebookobject.password(facebookobject.java:37)
at mainobje.facebookobject.password(facebookobject.java:37)
at mainobje.facebookobject.password(facebookobject.java:37)
at mainobje.facebookobject.password(facebookobject.java:37)
at mainobje.facebookobject.password(facebookobject.java:37)
at mainobje.facebookobject.password(facebookobject.java:37)
at mainobje.facebookobject.password(facebookobject.java:37)
at mainobje.facebookobject.password(facebookobject.java:37)
at mainobje.facebookobject.password(facebookobject.java:37)
at mainobje.facebookobject.password(facebookobject.java:37)
at mainobje.facebookobject.password(facebookobject.java:37)
at mainobje.facebookobject.password(facebookobject.java:37)
at mainobje.facebookobject.password(facebookobject.java:37)
at mainobje.facebookobject.password(facebookobject.java:37)
at mainobje.facebookobject.password(facebookobject.java:37)
at mainobje.facebookobject.password(facebookobject.java:37)
at mainobje.facebookobject.password(facebookobject.java:37)
at mainobje.facebookobject.password(facebookobject.java:37)
at mainobje.facebookobject.password(facebookobject.java:37)
at mainobje.facebookobject.password(facebookobject.java:37)
at mainobje.facebookobject.password(facebookobject.java:37)
at mainobje.facebookobject.password(facebookobject.java:37)
at mainobje.facebookobject.password(facebookobject.java:37)
at mainobje.facebookobject.password(facebookobject.java:37)
at mainobje.facebookobject.password(facebookobject.java:37)
at mainobje.facebookobject.password(facebookobject.java:37)
at mainobje.facebookobject.password(facebookobject.java:37)
at mainobje.facebookobject.password(facebookobject.java:37)
at mainobje.facebookobject.password(facebookobject.java:37)
at mainobje.facebookobject.password(facebookobject.java:37)
at mainobje.facebookobject.password(facebookobject.java:37)
at mainobje.facebookobject.password(facebookobject.java:37)
at mainobje.facebookobject.password(facebookobject.java:37)
at mainobje.facebookobject.password(facebookobject.java:37)
at mainobje.facebookobject.password(facebookobject.java:37)
at mainobje.facebookobject.password(facebookobject.java:37)
at mainobje.facebookobject.password(facebookobject.java:37)
at mainobje.facebookobject.password(facebookobject.java:37)
at mainobje.facebookobject.password(facebookobject.java:37)
at mainobje.facebookobject.password(facebookobject.java:37)
at mainobje.facebookobject.password(facebookobject.java:37)
at mainobje.facebookobject.password(facebookobject.java:37)
at mainobje.facebookobject.password(facebookobject.java:37)
at mainobje.facebookobject.password(facebookobject.java:37)
at mainobje.facebookobject.password(facebookobject.java:37)
at mainobje.facebookobject.password(facebookobject.java:37)
at mainobje.facebookobject.password(facebookobject.java:37)
at mainobje.facebookobject.password(facebookobject.java:37)
at mainobje.facebookobject.password(facebookobject.java:37)
at mainobje.facebookobject.password(facebookobject.java:37)
at mainobje.facebookobject.password(facebookobject.java:37)
at mainobje.facebookobject.password(facebookobject.java:37)
at mainobje.facebookobject.password(facebookobject.java:37)
at mainobje.facebookobject.password(facebookobject.java:37)
at mainobje.facebookobject.password(facebookobject.java:37)
at mainobje.facebookobject.password(facebookobject.java:37)
at mainobje.facebookobject.password(facebookobject.java:37)
at mainobje.facebookobject.password(facebookobject.java:37)
at mainobje.facebookobject.password(facebookobject.java:37)
at mainobje.facebookobject.password(facebookobject.java:37)
at mainobje.facebookobject.password(facebookobject.java:37)
at mainobje.facebookobject.password(facebookobject.java:37)
at mainobje.facebookobject.password(facebookobject.java:37)
at mainobje.facebookobject.password(facebookobject.java:37)
at mainobje.facebookobject.password(facebookobject.java:37)
at mainobje.facebookobject.password(facebookobject.java:37)
at mainobje.facebookobject.password(facebookobject.java:37)
at mainobje.facebookobject.password(facebookobject.java:37)
at mainobje.facebookobject.password(facebookobject.java:37)
at mainobje.facebookobject.password(facebookobject.java:37)
at mainobje.facebookobject.password(facebookobject.java:37)
at mainobje.facebookobject.password(facebookobject.java:37)
at mainobje.facebookobject.password(facebookobject.java:37)
at mainobje.facebookobject.password(facebookobject.java:37)
at mainobje.facebookobject.password(facebookobject.java:37)
at mainobje.facebookobject.password(facebookobject.java:37)
at mainobje.facebookobject.password(facebookobject.java:37)
at mainobje.facebookobject.password(facebookobject.java:37)
at mainobje.facebookobject.password(facebookobject.java:37)
at mainobje.facebookobject.password(facebookobject.java:37)
at mainobje.facebookobject.password(facebookobject.java:37)
at mainobje.facebookobject.password(facebookobject.java:37)
at mainobje.facebookobject.password(facebookobject.java:37)
at mainobje.facebookobject.password(facebookobject.java:37)
at mainobje.facebookobject.password(facebookobject.java:37)
at mainobje.facebookobject.password(facebookobject.java:37)
at mainobje.facebookobject.password(facebookobject.java:37)
at mainobje.facebookobject.password(facebookobject.java:37)
at mainobje.facebookobject.password(facebookobject.java:37)
at mainobje.facebookobject.password(facebookobject.java:37)
at mainobje.facebookobject.password(facebookobject.java:37)
at mainobje.facebookobject.password(facebookobject.java:37)
at mainobje.facebookobject.password(facebookobject.java:37)
at mainobje.facebookobject.password(facebookobject.java:37)
at mainobje.facebookobject.password(facebookobject.java:37)
at mainobje.facebookobject.password(facebookobject.java:37)
at mainobje.facebookobject.password(facebookobject.java:37)
at mainobje.facebookobject.password(facebookobject.java:37)
at mainobje.facebookobject.password(facebookobject.java:37)
at mainobje.facebookobject.password(facebookobject.java:37)
at mainobje.facebookobject.password(facebookobject.java:37)
at mainobje.facebookobject.password(facebookobject.java:37)
at mainobje.facebookobject.password(facebookobject.java:37)
at mainobje.facebookobject.password(facebookobject.java:37)
at mainobje.facebookobject.password(facebookobject.java:37)
at mainobje.facebookobject.password(facebookobject.java:37)
at mainobje.facebookobject.password(facebookobject.java:37)
at mainobje.facebookobject.password(facebookobject.java:37)
at mainobje.facebookobject.password(facebookobject.java:37)
at mainobje.facebookobject.password(facebookobject.java:37)
at mainobje.facebookobject.password(facebookobject.java:37)
at mainobje.facebookobject.password(facebookobject.java:37)
at mainobje.facebookobject.password(facebookobject.java:37)
at mainobje.facebookobject.password(facebookobject.java:37)
at mainobje.facebookobject.password(facebookobject.java:37)
at mainobje.facebookobject.password(facebookobject.java:37)
at mainobje.facebookobject.password(facebookobject.java:37)
at mainobje.facebookobject.password(facebookobject.java:37)
at mainobje.facebookobject.password(facebookobject.java:37)
at mainobje.facebookobject.password(facebookobject.java:37)
at mainobje.facebookobject.password(facebookobject.java:37)
at mainobje.facebookobject.password(facebookobject.java:37)
at mainobje.facebookobject.password(facebookobject.java:37)
at mainobje.facebookobject.password(facebookobject.java:37)
at mainobje.facebookobject.password(facebookobject.java:37)
at mainobje.facebookobject.password(facebookobject.java:37)
at mainobje.facebookobject.password(facebookobject.java:37)
at mainobje.facebookobject.password(facebookobject.java:37)
at mainobje.facebookobject.password(facebookobject.java:37)
at mainobje.facebookobject.password(facebookobject.java:37)
at mainobje.facebookobject.password(facebookobject.java:37)
at mainobje.facebookobject.password(facebookobject.java:37)
at mainobje.facebookobject.password(facebookobject.java:37)
at mainobje.facebookobject.password(facebookobject.java:37)
at mainobje.facebookobject.password(facebookobject.java:37)
at mainobje.facebookobject.password(facebookobject.java:37)
at mainobje.facebookobject.password(facebookobject.java:37)
at mainobje.facebookobject.password(facebookobject.java:37)
at mainobje.facebookobject.password(facebookobject.java:37)
at mainobje.facebookobject.password(facebookobject.java:37)
at mainobje.facebookobject.password(facebookobject.java:37)
at mainobje.facebookobject.password(facebookobject.java:37)
at mainobje.facebookobject.password(facebookobject.java:37)
at mainobje.facebookobject.password(facebookobject.java:37)
at mainobje.facebookobject.password(facebookobject.java:37)
at mainobje.facebookobject.password(facebookobject.java:37)
at mainobje.facebookobject.password(facebookobject.java:37)
at mainobje.facebookobject.password(facebookobject.java:37)
at mainobje.facebookobject.password(facebookobject.java:37)
at mainobje.facebookobject.password(facebookobject.java:37)
at mainobje.facebookobject.password(facebookobject.java:37)
at mainobje.facebookobject.password(facebookobject.java:37)
at mainobje.facebookobject.password(facebookobject.java:37)
at mainobje.facebookobject.password(facebookobject.java:37)
at mainobje.facebookobject.password(facebookobject.java:37)
at mainobje.facebookobject.password(facebookobject.java:37)
at mainobje.facebookobject.password(facebookobject.java:37)
at mainobje.facebookobject.password(facebookobject.java:37)
at mainobje.facebookobject.password(facebookobject.java:37)
at mainobje.facebookobject.password(facebookobject.java:37)
at mainobje.facebookobject.password(facebookobject.java:37)
at mainobje.facebookobject.password(facebookobject.java:37)
at mainobje.facebookobject.password(facebookobject.java:37)
at mainobje.facebookobject.password(facebookobject.java:37)
at mainobje.facebookobject.password(facebookobject.java:37)
at mainobje.facebookobject.password(facebookobject.java:37)
at mainobje.facebookobject.password(facebookobject.java:37)
at mainobje.facebookobject.password(facebookobject.java:37)
at mainobje.facebookobject.password(facebookobject.java:37)
at mainobje.facebookobject.password(facebookobject.java:37)
at mainobje.facebookobject.password(facebookobject.java:37)
at mainobje.facebookobject.password(facebookobject.java:37)
at mainobje.facebookobject.password(facebookobject.java:37)
at mainobje.facebookobject.password(facebookobject.java:37)
at mainobje.facebookobject.password(facebookobject.java:37)
at mainobje.facebookobject.password(facebookobject.java:37)
at mainobje.facebookobject.password(facebookobject.java:37)
at mainobje.facebookobject.password(facebookobject.java:37)
at mainobje.facebookobject.password(facebookobject.java:37)
at mainobje.facebookobject.password(facebookobject.java:37)
at mainobje.facebookobject.password(facebookobject.java:37)
at mainobje.facebookobject.password(facebookobject.java:37)
at mainobje.facebookobject.password(facebookobject.java:37)
at mainobje.facebookobject.password(facebookobject.java:37)
at mainobje.facebookobject.password(facebookobject.java:37)
at mainobje.facebookobject.password(facebookobject.java:37)
at mainobje.facebookobject.password(facebookobject.java:37)
at mainobje.facebookobject.password(facebookobject.java:37)
at mainobje.facebookobject.password(facebookobject.java:37)
at mainobje.facebookobject.password(facebookobject.java:37)
at mainobje.facebookobject.password(facebookobject.java:37)
at mainobje.facebookobject.password(facebookobject.java:37)
at mainobje.facebookobject.password(facebookobject.java:37)
at mainobje.facebookobject.password(facebookobject.java:37)
at mainobje.facebookobject.password(facebookobject.java:37)
at mainobje.facebookobject.password(facebookobject.java:37)
at mainobje.facebookobject.password(facebookobject.java:37)
at mainobje.facebookobject.password(facebookobject.java:37)
at mainobje.facebookobject.password(facebookobject.java:37)
at mainobje.facebookobject.password(facebookobject.java:37)
at mainobje.facebookobject.password(facebookobject.java:37)
at mainobje.facebookobject.password(facebookobject.java:37)
at mainobje.facebookobject.password(facebookobject.java:37)
at mainobje.facebookobject.password(facebookobject.java:37)
at mainobje.facebookobject.password(facebookobject.java:37)
at mainobje.facebookobject.password(facebookobject.java:37)
at mainobje.facebookobject.password(facebookobject.java:37)
at mainobje.facebookobject.password(facebookobject.java:37)
at mainobje.facebookobject.password(facebookobject.java:37)
at mainobje.facebookobject.password(facebookobject.java:37)
at mainobje.facebookobject.password(facebookobject.java:37)
at mainobje.facebookobject.password(facebookobject.java:37)
at mainobje.facebookobject.password(facebookobject.java:37)
at mainobje.facebookobject.password(facebookobject.java:37)
at mainobje.facebookobject.password(facebookobject.java:37)
at mainobje.facebookobject.password(facebookobject.java:37)
at mainobje.facebookobject.password(facebookobject.java:37)
at mainobje.facebookobject.password(facebookobject.java:37)
at mainobje.facebookobject.password(facebookobject.java:37)
at mainobje.facebookobject.password(facebookobject.java:37)
at mainobje.facebookobject.password(facebookobject.java:37)
at mainobje.facebookobject.password(facebookobject.java:37)
at mainobje.facebookobject.password(facebookobject.java:37)
at mainobje.facebookobject.password(facebookobject.java:37)
at mainobje.facebookobject.password(facebookobject.java:37)
at mainobje.facebookobject.password(facebookobject.java:37)
at mainobje.facebookobject.password(facebookobject.java:37)
at mainobje.facebookobject.password(facebookobject.java:37)
at mainobje.facebookobject.password(facebookobject.java:37)
at mainobje.facebookobject.password(facebookobject.java:37)
at mainobje.facebookobject.password(facebookobject.java:37)
]]>
    </error>
  </testcase> <!-- test -->
</testsuite> <!-- browser.facebook -->
