<?xml version="1.0" encoding="UTF-8"?>
<!-- Generated by org.testng.reporters.JUnitReportReporter -->
<testsuite hostname="LAPTOP-2B0D9MGJ" failures="0" tests="2" name="browser.facebook" time="44.348" errors="0" timestamp="2020-09-20T12:58:55 IST" skipped="0">
  <testcase classname="browser.facebook" name="test" time="17.544"/>
  <testcase classname="browser.facebook" name="mail" time="26.804"/>
</testsuite> <!-- browser.facebook -->
